This file contains any messages produced by compilers while
running configure, to aid debugging if configure makes a mistake.

It was created by GNU make configure 3.81, which was
generated by GNU Autoconf 2.59.  Invocation command line was

  $ ./configure 

## --------- ##
## Platform. ##
## --------- ##

hostname = DESKTOP-L62RS20
uname -m = x86_64
uname -r = 3.0.7-338.x86_64
uname -s = MINGW64_NT-10.0-19582
uname -v = 2019-04-30 21:52 UTC

/usr/bin/uname -p = unknown
/bin/uname -X     = unknown

/bin/arch              = x86_64
/usr/bin/arch -k       = unknown
/usr/convex/getsysinfo = unknown
hostinfo               = unknown
/bin/machine           = unknown
/usr/bin/oslevel       = unknown
/bin/universe          = unknown

PATH: /c/Users/Tmas/bin
PATH: /mingw64/bin
PATH: /usr/local/bin
PATH: /usr/bin
PATH: /bin
PATH: /mingw64/bin
PATH: /usr/bin
PATH: /c/Users/Tmas/bin
PATH: /c/Program Files (x86)/Common Files/Oracle/Java/javapath
PATH: /c/WINDOWS/system32
PATH: /c/WINDOWS
PATH: /c/WINDOWS/System32/Wbem
PATH: /c/WINDOWS/System32/WindowsPowerShell/v1.0
PATH: /c/Program Files (x86)/ATI Technologies/ATI.ACE/Core-Static
PATH: /cmd
PATH: /c/Program Files (x86)/Yarn/bin
PATH: /c/Program Files/nodejs
PATH: /c/WINDOWS/System32/OpenSSH
PATH: /c/Users/Tmas/AppData/Local/Programs/Python/Python38-32/Scripts
PATH: /c/Users/Tmas/AppData/Local/Programs/Python/Python38-32
PATH: /c/Users/Tmas/Miniconda3
PATH: /c/Users/Tmas/Miniconda3/Library/mingw-w64/bin
PATH: /c/Users/Tmas/Miniconda3/Library/usr/bin
PATH: /c/Users/Tmas/Miniconda3/Library/bin
PATH: /c/Users/Tmas/Miniconda3/Scripts
PATH: /c/Users/Tmas/AppData/Local/Programs/Python/Python37-32/Scripts
PATH: /c/Users/Tmas/AppData/Local/Programs/Python/Python37-32
PATH: /c/Users/Tmas/AppData/Local/GitHubDesktop/bin
PATH: /c/Users/Tmas/AppData/Local/atom/bin
PATH: /c/Users/Tmas/AppData/Local/JetBrains/PyCharm Community Edition 2019.2/bin
PATH: /c/Users/Tmas/AppData/Local/Yarn/bin
PATH: /c/Users/Tmas/AppData/Roaming/npm
PATH: /c/Users/Tmas/AppData/Local/Google/Cloud SDK/google-cloud-sdk/bin
PATH: /c/Users/Tmas/AppData/Local/Microsoft/WindowsApps
PATH: /usr/bin/vendor_perl
PATH: /usr/bin/core_perl


## ----------- ##
## Core tests. ##
## ----------- ##

configure:1385: checking for a BSD-compatible install
configure:1440: result: /usr/bin/install -c
configure:1451: checking whether build environment is sane
configure:1494: result: yes
configure:1559: checking for gawk
configure:1575: found /usr/bin/gawk
configure:1585: result: gawk
configure:1595: checking whether C:\Users\Tmas\Downloads\make-3.81-src\src\make\3.81\make-3.81 sets $(MAKE)

## ---------------- ##
## Cache variables. ##
## ---------------- ##

ac_cv_env_CC_set=
ac_cv_env_CC_value=
ac_cv_env_CFLAGS_set=
ac_cv_env_CFLAGS_value=
ac_cv_env_CPPFLAGS_set=
ac_cv_env_CPPFLAGS_value=
ac_cv_env_CPP_set=
ac_cv_env_CPP_value=
ac_cv_env_LDFLAGS_set=
ac_cv_env_LDFLAGS_value=
ac_cv_env_build_alias_set=
ac_cv_env_build_alias_value=
ac_cv_env_host_alias_set=
ac_cv_env_host_alias_value=
ac_cv_env_target_alias_set=
ac_cv_env_target_alias_value=
ac_cv_path_install='/usr/bin/install -c'
ac_cv_prog_AWK=gawk

## ----------------- ##
## Output variables. ##
## ----------------- ##

ACLOCAL=''
ALLOCA=''
AMDEPBACKSLASH=''
AMDEP_FALSE=''
AMDEP_TRUE=''
AMTAR=''
ANSI2KNR=''
AR=''
AUTOCONF=''
AUTOHEADER=''
AUTOMAKE=''
AWK='gawk'
CC=''
CCDEPMODE=''
CFLAGS=''
CPP=''
CPPFLAGS=''
CYGPATH_W=''
DEFS=''
DEPDIR=''
ECHO_C=''
ECHO_N='-n'
ECHO_T=''
EGREP=''
EXEEXT=''
GETLOADAVG_LIBS=''
GLOBINC=''
GLOBLIB=''
GMSGFMT=''
INSTALL_DATA='${INSTALL} -m 644'
INSTALL_PROGRAM='${INSTALL}'
INSTALL_SCRIPT='${INSTALL}'
INSTALL_STRIP_PROGRAM=''
INTLLIBS=''
KMEM_GROUP=''
LDFLAGS=''
LIBICONV=''
LIBINTL=''
LIBOBJS=''
LIBS=''
LTLIBICONV=''
LTLIBINTL=''
LTLIBOBJS=''
MAKEINFO=''
MAKE_HOST=''
MKINSTALLDIRS=''
MSGFMT=''
MSGMERGE=''
NEED_SETGID=''
OBJEXT=''
PACKAGE=''
PACKAGE_BUGREPORT='bug-make@gnu.org'
PACKAGE_NAME='GNU make'
PACKAGE_STRING='GNU make 3.81'
PACKAGE_TARNAME='make'
PACKAGE_VERSION='3.81'
PATH_SEPARATOR=':'
PERL=''
POSUB=''
RANLIB=''
REMOTE=''
SET_MAKE=''
SHELL='/bin/sh'
STRIP=''
U=''
USE_CUSTOMS_FALSE=''
USE_CUSTOMS_TRUE=''
USE_LOCAL_GLOB_FALSE=''
USE_LOCAL_GLOB_TRUE=''
USE_NLS=''
VERSION=''
WINDOWSENV_FALSE=''
WINDOWSENV_TRUE=''
XGETTEXT=''
ac_ct_CC=''
ac_ct_RANLIB=''
ac_ct_STRIP=''
am__fastdepCC_FALSE=''
am__fastdepCC_TRUE=''
am__include=''
am__leading_dot=''
am__quote=''
am__tar=''
am__untar=''
bindir='${exec_prefix}/bin'
build=''
build_alias=''
build_cpu=''
build_os=''
build_vendor=''
datadir='${prefix}/share'
exec_prefix='NONE'
host=''
host_alias=''
host_cpu=''
host_os=''
host_vendor=''
includedir='${prefix}/include'
infodir='${prefix}/info'
install_sh=''
libdir='${exec_prefix}/lib'
libexecdir='${exec_prefix}/libexec'
localstatedir='${prefix}/var'
mandir='${prefix}/man'
mkdir_p='mkdir -p --'
oldincludedir='/usr/include'
prefix='NONE'
program_transform_name='s,x,x,'
sbindir='${exec_prefix}/sbin'
sharedstatedir='${prefix}/com'
sysconfdir='${prefix}/etc'
target_alias=''

## ------------- ##
## Output files. ##
## ------------- ##

MAINT_MAKEFILE=''

## ----------- ##
## confdefs.h. ##
## ----------- ##

#define PACKAGE_BUGREPORT "bug-make@gnu.org"
#define PACKAGE_NAME "GNU make"
#define PACKAGE_STRING "GNU make 3.81"
#define PACKAGE_TARNAME "make"
#define PACKAGE_VERSION "3.81"

configure: exit 1
